<?xml version="1.0" encoding="UTF-8"?>
<Site BuildName="(empty)"
	BuildStamp="20250812-0811-Experimental"
	Name="zk-desktop"
	Generator="ctest-3.22.1"
	CompilerName="/usr/bin/clang++-14"
	CompilerVersion="14.0.0"
	OSName="Linux"
	Hostname="zk-desktop"
	OSRelease="5.15.148-tegra"
	OSVersion="#1 SMP PREEMPT Mon Jun 16 08:24:48 PDT 2025"
	OSPlatform="aarch64"
	Is64Bits="1"
	VendorString=""
	VendorID="Unknown Manufacturer"
	FamilyID="8"
	ModelID="0"
	ProcessorCacheSize="0"
	NumberOfLogicalCPU="6"
	NumberOfPhysicalCPU="1"
	TotalVirtualMemory="0"
	TotalPhysicalMemory="7619"
	LogicalProcessorsPerPhysical="6"
	ProcessorClockFrequency="0"
	>
	<Testing>
		<StartDateTime>Aug 12 10:11 CEST</StartDateTime>
		<StartTestTime>1754986272</StartTestTime>
		<TestList/>
		<EndDateTime>Aug 12 10:11 CEST</EndDateTime>
		<EndTestTime>1754986272</EndTestTime>
		<ElapsedMinutes>0</ElapsedMinutes>
	</Testing>
</Site>
