[0.024s] Invoking command in '/home/zk/ros2_ws/build/cam_pub': CMAKE_PREFIX_PATH=${CMAKE_PREFIX_PATH}:/opt/ros/humble /usr/bin/cmake --build /home/zk/ros2_ws/build/cam_pub -- -j6 -l6
[0.072s] -- Found ament_cmake: 1.3.12 (/opt/ros/humble/share/ament_cmake/cmake)
[0.333s] -- Found rclcpp: 16.0.14 (/opt/ros/humble/share/rclcpp/cmake)
[0.403s] -- Found rosidl_generator_c: 3.1.7 (/opt/ros/humble/share/rosidl_generator_c/cmake)
[0.408s] -- Found rosidl_adapter: 3.1.7 (/opt/ros/humble/share/rosidl_adapter/cmake)
[0.418s] -- Found rosidl_generator_cpp: 3.1.7 (/opt/ros/humble/share/rosidl_generator_cpp/cmake)
[0.436s] -- Using all available rosidl_typesupport_c: rosidl_typesupport_fastrtps_c;rosidl_typesupport_introspection_c
[0.458s] -- Using all available rosidl_typesupport_cpp: rosidl_typesupport_fastrtps_cpp;rosidl_typesupport_introspection_cpp
[0.514s] -- Found rmw_implementation_cmake: 6.1.2 (/opt/ros/humble/share/rmw_implementation_cmake/cmake)
[0.516s] -- Found rmw_fastrtps_cpp: 6.2.8 (/opt/ros/humble/share/rmw_fastrtps_cpp/cmake)
[0.687s] -- Using RMW implementation 'rmw_fastrtps_cpp' as default
[0.773s] -- Found image_transport: 3.1.12 (/opt/ros/humble/share/image_transport/cmake)
[0.880s] -- Found cv_bridge: 3.2.1 (/opt/ros/humble/share/cv_bridge/cmake)
[0.894s] -- Found OpenCV: /usr (found version "4.8.0") 
[0.897s] -- Found ament_lint_auto: 0.12.14 (/opt/ros/humble/share/ament_lint_auto/cmake)
[1.051s] -- Added test 'cppcheck' to perform static code analysis on C / C++ code
[1.051s] -- Configured cppcheck include dirs: 
[1.051s] -- Configured cppcheck exclude dirs and/or files: 
[1.051s] -- Added test 'lint_cmake' to check CMake code style
[1.052s] -- Added test 'uncrustify' to check C / C++ code style
[1.052s] -- Configured uncrustify additional arguments: 
[1.052s] -- Added test 'xmllint' to check XML markup files
[1.054s] -- Configuring done
[1.098s] -- Generating done
[1.111s] -- Build files have been written to: /home/zk/ros2_ws/build/cam_pub
[1.185s] [ 25%] [32mBuilding CXX object CMakeFiles/webcam_pub.dir/src/webcam_publisher.cpp.o[0m
[1.186s] [35m[1mConsolidate compiler generated dependencies of target z_talk[0m
[1.221s] [ 50%] [32mBuilding CXX object CMakeFiles/z_talk.dir/src/zain_pub.cpp.o[0m
[10.428s] [ 75%] [32m[1mLinking CXX executable z_talk[0m
[10.884s] [ 75%] Built target z_talk
[11.251s] [100%] [32m[1mLinking CXX executable webcam_pub[0m
[11.546s] /usr/bin/ld: warning: libopencv_imgcodecs.so.4.5d, needed by /opt/ros/humble/lib/libcv_bridge.so, may conflict with libopencv_imgcodecs.so.408
[11.567s] /usr/bin/ld: warning: libopencv_core.so.4.5d, needed by /opt/ros/humble/lib/libcv_bridge.so, may conflict with libopencv_core.so.408
[12.615s] /usr/bin/ld: CMakeFiles/webcam_pub.dir/src/webcam_publisher.cpp.o: in function `WebCamPublisher::WebCamPublisher()':
[12.616s] webcam_publisher.cpp:(.text._ZN15WebCamPublisherC2Ev[_ZN15WebCamPublisherC5Ev]+0xd4): undefined reference to `cv::VideoCapture::VideoCapture()'
[12.616s] /usr/bin/ld: webcam_publisher.cpp:(.text._ZN15WebCamPublisherC2Ev[_ZN15WebCamPublisherC5Ev]+0x190): undefined reference to `cv::VideoCapture::open(int, int)'
[12.616s] /usr/bin/ld: webcam_publisher.cpp:(.text._ZN15WebCamPublisherC2Ev[_ZN15WebCamPublisherC5Ev]+0x19c): undefined reference to `cv::VideoCapture::isOpened() const'
[12.616s] /usr/bin/ld: webcam_publisher.cpp:(.text._ZN15WebCamPublisherC2Ev[_ZN15WebCamPublisherC5Ev]+0x4a0): undefined reference to `cv::VideoCapture::~VideoCapture()'
[12.616s] /usr/bin/ld: CMakeFiles/webcam_pub.dir/src/webcam_publisher.cpp.o: in function `WebCamPublisher::timer_callback()':
[12.616s] webcam_publisher.cpp:(.text._ZN15WebCamPublisher14timer_callbackEv[_ZN15WebCamPublisher14timer_callbackEv]+0x3c): undefined reference to `cv::VideoCapture::operator>>(cv::Mat&)'
[12.618s] /usr/bin/ld: CMakeFiles/webcam_pub.dir/src/webcam_publisher.cpp.o: in function `WebCamPublisher::~WebCamPublisher()':
[12.618s] webcam_publisher.cpp:(.text._ZN15WebCamPublisherD2Ev[_ZN15WebCamPublisherD5Ev]+0x30): undefined reference to `cv::VideoCapture::~VideoCapture()'
[12.686s] collect2: error: ld returned 1 exit status
[12.690s] gmake[2]: *** [CMakeFiles/webcam_pub.dir/build.make:181: webcam_pub] Error 1
[12.691s] gmake[1]: *** [CMakeFiles/Makefile2:165: CMakeFiles/webcam_pub.dir/all] Error 2
[12.692s] gmake: *** [Makefile:146: all] Error 2
[12.699s] Invoked command in '/home/zk/ros2_ws/build/cam_pub' returned '2': CMAKE_PREFIX_PATH=${CMAKE_PREFIX_PATH}:/opt/ros/humble /usr/bin/cmake --build /home/zk/ros2_ws/build/cam_pub -- -j6 -l6
